<?xml version="1.0" encoding="UTF-8"?>
<coverage generated="1658902965063" clover="3.2.0">
  <project timestamp="1658902965063" name="All files">
    <metrics statements="31" coveredstatements="30" conditionals="14" coveredconditionals="13" methods="2" coveredmethods="2" elements="47" coveredelements="45" complexity="0" loc="31" ncloc="31" packages="1" files="2" classes="2"/>
    <file name="mathHandler.js" path="/Users/romanusov/code/js_studies/ru-math-solver-tests/src/mathHandler.js">
      <metrics statements="9" coveredstatements="8" conditionals="6" coveredconditionals="5" methods="1" coveredmethods="1"/>
      <line num="2" count="25" type="stmt"/>
      <line num="3" count="25" type="stmt"/>
      <line num="5" count="25" type="cond" truecount="5" falsecount="1"/>
      <line num="7" count="5" type="stmt"/>
      <line num="9" count="6" type="stmt"/>
      <line num="11" count="5" type="stmt"/>
      <line num="13" count="5" type="stmt"/>
      <line num="15" count="4" type="stmt"/>
      <line num="17" count="0" type="stmt"/>
    </file>
    <file name="parse.js" path="/Users/romanusov/code/js_studies/ru-math-solver-tests/src/parse.js">
      <metrics statements="22" coveredstatements="22" conditionals="8" coveredconditionals="8" methods="1" coveredmethods="1"/>
      <line num="3" count="1" type="stmt"/>
      <line num="5" count="1" type="stmt"/>
      <line num="7" count="1" type="stmt"/>
      <line num="9" count="1" type="stmt"/>
      <line num="12" count="44" type="cond" truecount="2" falsecount="0"/>
      <line num="14" count="3" type="stmt"/>
      <line num="16" count="3" type="stmt"/>
      <line num="18" count="3" type="stmt"/>
      <line num="20" count="3" type="stmt"/>
      <line num="23" count="41" type="cond" truecount="2" falsecount="0"/>
      <line num="24" count="4" type="stmt"/>
      <line num="26" count="4" type="stmt"/>
      <line num="28" count="4" type="stmt"/>
      <line num="31" count="37" type="cond" truecount="2" falsecount="0"/>
      <line num="32" count="11" type="stmt"/>
      <line num="34" count="11" type="stmt"/>
      <line num="36" count="11" type="stmt"/>
      <line num="39" count="26" type="cond" truecount="2" falsecount="0"/>
      <line num="40" count="10" type="stmt"/>
      <line num="42" count="10" type="stmt"/>
      <line num="44" count="10" type="stmt"/>
      <line num="47" count="16" type="stmt"/>
    </file>
  </project>
</coverage>
