{"/Users/romanusov/code/js_studies/ru-math-solver-tests/src/mathHandler.js": {"path":"/Users/romanusov/code/js_studies/ru-math-solver-tests/src/mathHandler.js","statementMap":{"0":{"start":{"line":2,"column":18},"end":{"line":2,"column":38}},"1":{"start":{"line":3,"column":18},"end":{"line":3,"column":38}},"2":{"start":{"line":5,"column":2},"end":{"line":18,"column":3}},"3":{"start":{"line":7,"column":6},"end":{"line":7,"column":31}},"4":{"start":{"line":9,"column":6},"end":{"line":9,"column":31}},"5":{"start":{"line":11,"column":6},"end":{"line":11,"column":31}},"6":{"start":{"line":13,"column":6},"end":{"line":13,"column":31}},"7":{"start":{"line":15,"column":6},"end":{"line":15,"column":32}},"8":{"start":{"line":17,"column":6},"end":{"line":17,"column":17}}},"fnMap":{"0":{"name":"handleMath","decl":{"start":{"line":1,"column":24},"end":{"line":1,"column":34}},"loc":{"start":{"line":1,"column":69},"end":{"line":19,"column":1}},"line":1}},"branchMap":{"0":{"loc":{"start":{"line":5,"column":2},"end":{"line":18,"column":3}},"type":"switch","locations":[{"start":{"line":6,"column":4},"end":{"line":7,"column":31}},{"start":{"line":8,"column":4},"end":{"line":9,"column":31}},{"start":{"line":10,"column":4},"end":{"line":11,"column":31}},{"start":{"line":12,"column":4},"end":{"line":13,"column":31}},{"start":{"line":14,"column":4},"end":{"line":15,"column":32}},{"start":{"line":16,"column":4},"end":{"line":17,"column":17}}],"line":5}},"s":{"0":25,"1":25,"2":25,"3":5,"4":6,"5":5,"6":5,"7":4,"8":0},"f":{"0":25},"b":{"0":[5,6,5,5,4,0]},"_coverageSchema":"1a1c01bbd47fc00a2c39e90264f33305004495a9","hash":"f82aefee73a2b656b80860b29024b63046a8b609"}
,"/Users/romanusov/code/js_studies/ru-math-solver-tests/src/parse.js": {"path":"/Users/romanusov/code/js_studies/ru-math-solver-tests/src/parse.js","statementMap":{"0":{"start":{"line":3,"column":26},"end":{"line":3,"column":51}},"1":{"start":{"line":5,"column":2},"end":{"line":5,"column":89}},"2":{"start":{"line":7,"column":2},"end":{"line":7,"column":87}},"3":{"start":{"line":9,"column":2},"end":{"line":9,"column":95}},"4":{"start":{"line":12,"column":2},"end":{"line":21,"column":3}},"5":{"start":{"line":14,"column":24},"end":{"line":14,"column":73}},"6":{"start":{"line":16,"column":19},"end":{"line":16,"column":41}},"7":{"start":{"line":18,"column":24},"end":{"line":18,"column":67}},"8":{"start":{"line":20,"column":4},"end":{"line":20,"column":34}},"9":{"start":{"line":23,"column":2},"end":{"line":29,"column":3}},"10":{"start":{"line":24,"column":19},"end":{"line":24,"column":68}},"11":{"start":{"line":26,"column":24},"end":{"line":26,"column":64}},"12":{"start":{"line":28,"column":4},"end":{"line":28,"column":34}},"13":{"start":{"line":31,"column":2},"end":{"line":37,"column":3}},"14":{"start":{"line":32,"column":19},"end":{"line":32,"column":75}},"15":{"start":{"line":34,"column":24},"end":{"line":34,"column":71}},"16":{"start":{"line":36,"column":4},"end":{"line":36,"column":34}},"17":{"start":{"line":39,"column":2},"end":{"line":45,"column":3}},"18":{"start":{"line":40,"column":19},"end":{"line":40,"column":72}},"19":{"start":{"line":42,"column":24},"end":{"line":42,"column":68}},"20":{"start":{"line":44,"column":4},"end":{"line":44,"column":34}},"21":{"start":{"line":47,"column":2},"end":{"line":47,"column":30}}},"fnMap":{"0":{"name":"calculate","decl":{"start":{"line":11,"column":24},"end":{"line":11,"column":33}},"loc":{"start":{"line":11,"column":44},"end":{"line":48,"column":1}},"line":11}},"branchMap":{"0":{"loc":{"start":{"line":12,"column":2},"end":{"line":21,"column":3}},"type":"if","locations":[{"start":{"line":12,"column":2},"end":{"line":21,"column":3}},{"start":{},"end":{}}],"line":12},"1":{"loc":{"start":{"line":23,"column":2},"end":{"line":29,"column":3}},"type":"if","locations":[{"start":{"line":23,"column":2},"end":{"line":29,"column":3}},{"start":{},"end":{}}],"line":23},"2":{"loc":{"start":{"line":31,"column":2},"end":{"line":37,"column":3}},"type":"if","locations":[{"start":{"line":31,"column":2},"end":{"line":37,"column":3}},{"start":{},"end":{}}],"line":31},"3":{"loc":{"start":{"line":39,"column":2},"end":{"line":45,"column":3}},"type":"if","locations":[{"start":{"line":39,"column":2},"end":{"line":45,"column":3}},{"start":{},"end":{}}],"line":39}},"s":{"0":1,"1":1,"2":1,"3":1,"4":44,"5":3,"6":3,"7":3,"8":3,"9":41,"10":4,"11":4,"12":4,"13":37,"14":11,"15":11,"16":11,"17":26,"18":10,"19":10,"20":10,"21":16},"f":{"0":44},"b":{"0":[3,41],"1":[4,37],"2":[11,26],"3":[10,16]},"_coverageSchema":"1a1c01bbd47fc00a2c39e90264f33305004495a9","hash":"83c0012123347868790eb28fe52573192a9a65f9"}
}
