TN:
SF:src/mathHandler.js
FN:1,handleMath
FNF:1
FNH:1
FNDA:25,handleMath
DA:2,25
DA:3,25
DA:5,25
DA:7,5
DA:9,6
DA:11,5
DA:13,5
DA:15,4
DA:17,0
LF:9
LH:8
BRDA:5,0,0,5
BRDA:5,0,1,6
BRDA:5,0,2,5
BRDA:5,0,3,5
BRDA:5,0,4,4
BRDA:5,0,5,0
BRF:6
BRH:5
end_of_record
TN:
SF:src/parse.js
FN:11,calculate
FNF:1
FNH:1
FNDA:44,calculate
DA:3,1
DA:5,1
DA:7,1
DA:9,1
DA:12,44
DA:14,3
DA:16,3
DA:18,3
DA:20,3
DA:23,41
DA:24,4
DA:26,4
DA:28,4
DA:31,37
DA:32,11
DA:34,11
DA:36,11
DA:39,26
DA:40,10
DA:42,10
DA:44,10
DA:47,16
LF:22
LH:22
BRDA:12,0,0,3
BRDA:12,0,1,41
BRDA:23,1,0,4
BRDA:23,1,1,37
BRDA:31,2,0,11
BRDA:31,2,1,26
BRDA:39,3,0,10
BRDA:39,3,1,16
BRF:8
BRH:8
end_of_record
